<?xml version="1.0" encoding="UTF-8"?>
<testng-results ignored="0" total="1" passed="1" failed="0" skipped="0">
  <reporter-output>
  </reporter-output>
  <suite started-at="2020-03-01T04:48:34 IST" name="Default suite" finished-at="2020-03-01T04:48:34 IST" duration-ms="64">
    <groups>
    </groups>
    <test started-at="2020-03-01T04:48:34 IST" name="Default test" finished-at="2020-03-01T04:48:34 IST" duration-ms="64">
      <class name="Day_42_Method_Overriding1.Student">
        <test-method signature="Test1()[pri:0, instance:Day_42_Method_Overriding1.Student@c333c60]" started-at="2020-03-01T04:48:34 IST" name="Test1" finished-at="2020-03-01T04:48:34 IST" duration-ms="17" status="PASS">
          <reporter-output>
          </reporter-output>
        </test-method> <!-- Test1 -->
      </class> <!-- Day_42_Method_Overriding1.Student -->
    </test> <!-- Default test -->
  </suite> <!-- Default suite -->
</testng-results>
